<?xml version="1.0" encoding="UTF-8"?>
<coverage generated="1624112578142" clover="3.2.0">
  <project timestamp="1624112578143" name="All files">
    <metrics statements="22" coveredstatements="14" conditionals="4" coveredconditionals="0" methods="6" coveredmethods="3" elements="32" coveredelements="17" complexity="0" loc="22" ncloc="22" packages="1" files="2" classes="2"/>
    <file name="ssr-route.tsx" path="/Users/tobiaszimmermann/Documents/npm-packages/muxa/src/app/ssr-route.tsx">
      <metrics statements="3" coveredstatements="3" conditionals="0" coveredconditionals="0" methods="1" coveredmethods="1"/>
      <line num="1" count="1" type="stmt"/>
      <line num="6" count="1" type="stmt"/>
      <line num="7" count="1" type="stmt"/>
    </file>
    <file name="ssr-router.tsx" path="/Users/tobiaszimmermann/Documents/npm-packages/muxa/src/app/ssr-router.tsx">
      <metrics statements="19" coveredstatements="11" conditionals="4" coveredconditionals="0" methods="5" coveredmethods="2"/>
      <line num="2" count="1" type="stmt"/>
      <line num="9" count="1" type="stmt"/>
      <line num="11" count="1" type="stmt"/>
      <line num="15" count="0" type="stmt"/>
      <line num="20" count="1" type="stmt"/>
      <line num="22" count="1" type="stmt"/>
      <line num="23" count="0" type="stmt"/>
      <line num="24" count="0" type="cond" truecount="0" falsecount="2"/>
      <line num="25" count="0" type="stmt"/>
      <line num="26" count="0" type="stmt"/>
      <line num="29" count="1" type="stmt"/>
      <line num="30" count="0" type="stmt"/>
      <line num="32" count="0" type="stmt"/>
      <line num="37" count="0" type="stmt"/>
      <line num="41" count="1" type="stmt"/>
      <line num="42" count="1" type="stmt"/>
      <line num="46" count="1" type="stmt"/>
      <line num="47" count="1" type="stmt"/>
      <line num="54" count="1" type="stmt"/>
    </file>
  </project>
</coverage>
