<?xml version="1.0" encoding="UTF-8"?>
<coverage generated="1624556868629" clover="3.2.0">
  <project timestamp="1624556868629" name="All files">
    <metrics statements="116" coveredstatements="114" conditionals="56" coveredconditionals="49" methods="28" coveredmethods="28" elements="200" coveredelements="191" complexity="0" loc="116" ncloc="116" packages="2" files="5" classes="5"/>
    <package name="src">
      <metrics statements="5" coveredstatements="5" conditionals="0" coveredconditionals="0" methods="1" coveredmethods="1"/>
      <file name="index.ts" path="/Users/tobiaszimmermann/Documents/npm-packages/muxa/src/index.ts">
        <metrics statements="5" coveredstatements="5" conditionals="0" coveredconditionals="0" methods="1" coveredmethods="1"/>
        <line num="1" count="5" type="stmt"/>
        <line num="2" count="5" type="stmt"/>
        <line num="3" count="5" type="stmt"/>
        <line num="4" count="5" type="stmt"/>
        <line num="7" count="17" type="stmt"/>
      </file>
    </package>
    <package name="src.app">
      <metrics statements="111" coveredstatements="109" conditionals="56" coveredconditionals="49" methods="27" coveredmethods="27"/>
      <file name="ssr-route.tsx" path="/Users/tobiaszimmermann/Documents/npm-packages/muxa/src/app/ssr-route.tsx">
        <metrics statements="50" coveredstatements="49" conditionals="24" coveredconditionals="20" methods="12" coveredmethods="12"/>
        <line num="2" count="5" type="stmt"/>
        <line num="3" count="5" type="stmt"/>
        <line num="4" count="5" type="stmt"/>
        <line num="5" count="5" type="stmt"/>
        <line num="8" count="183" type="cond" truecount="1" falsecount="1"/>
        <line num="9" count="183" type="cond" truecount="2" falsecount="0"/>
        <line num="10" count="57" type="stmt"/>
        <line num="11" count="57" type="stmt"/>
        <line num="12" count="57" type="stmt"/>
        <line num="13" count="57" type="cond" truecount="1" falsecount="1"/>
        <line num="14" count="0" type="stmt"/>
        <line num="16" count="57" type="stmt"/>
        <line num="18" count="126" type="stmt"/>
        <line num="22" count="5" type="stmt"/>
        <line num="23" count="170" type="stmt"/>
        <line num="24" count="169" type="stmt"/>
        <line num="25" count="167" type="stmt"/>
        <line num="26" count="167" type="stmt"/>
        <line num="27" count="167" type="stmt"/>
        <line num="29" count="167" type="stmt"/>
        <line num="30" count="115" type="stmt"/>
        <line num="31" count="106" type="cond" truecount="2" falsecount="0"/>
        <line num="32" count="92" type="stmt"/>
        <line num="35" count="167" type="stmt"/>
        <line num="36" count="23" type="stmt"/>
        <line num="37" count="23" type="stmt"/>
        <line num="38" count="13" type="stmt"/>
        <line num="40" count="23" type="cond" truecount="2" falsecount="0"/>
        <line num="41" count="15" type="stmt"/>
        <line num="44" count="167" type="stmt"/>
        <line num="45" count="23" type="cond" truecount="2" falsecount="0"/>
        <line num="46" count="22" type="stmt"/>
        <line num="47" count="22" type="cond" truecount="1" falsecount="1"/>
        <line num="48" count="22" type="stmt"/>
        <line num="49" count="22" type="stmt"/>
        <line num="50" count="22" type="stmt"/>
        <line num="52" count="21" type="cond" truecount="1" falsecount="1"/>
        <line num="53" count="21" type="stmt"/>
        <line num="62" count="1" type="stmt"/>
        <line num="65" count="22" type="stmt"/>
        <line num="68" count="22" type="stmt"/>
        <line num="69" count="22" type="stmt"/>
        <line num="74" count="23" type="stmt"/>
        <line num="75" count="23" type="stmt"/>
        <line num="76" count="23" type="cond" truecount="2" falsecount="0"/>
        <line num="77" count="22" type="stmt"/>
        <line num="79" count="23" type="stmt"/>
        <line num="82" count="167" type="cond" truecount="2" falsecount="0"/>
        <line num="83" count="136" type="cond" truecount="4" falsecount="0"/>
        <line num="85" count="104" type="stmt"/>
      </file>
      <file name="ssr-router.tsx" path="/Users/tobiaszimmermann/Documents/npm-packages/muxa/src/app/ssr-router.tsx">
        <metrics statements="25" coveredstatements="24" conditionals="10" coveredconditionals="9" methods="6" coveredmethods="6"/>
        <line num="3" count="5" type="stmt"/>
        <line num="4" count="5" type="stmt"/>
        <line num="6" count="5" type="stmt"/>
        <line num="8" count="5" type="stmt"/>
        <line num="9" count="267" type="stmt"/>
        <line num="10" count="267" type="cond" truecount="2" falsecount="0"/>
        <line num="11" count="2" type="stmt"/>
        <line num="12" count="265" type="stmt"/>
        <line num="15" count="5" type="stmt"/>
        <line num="16" count="83" type="stmt"/>
        <line num="18" count="17" type="stmt"/>
        <line num="31" count="22" type="stmt"/>
        <line num="33" count="32" type="cond" truecount="2" falsecount="0"/>
        <line num="34" count="22" type="stmt"/>
        <line num="40" count="10" type="stmt"/>
        <line num="44" count="44" type="stmt"/>
        <line num="46" count="61" type="cond" truecount="2" falsecount="0"/>
        <line num="47" count="44" type="stmt"/>
        <line num="52" count="17" type="stmt"/>
        <line num="56" count="0" type="stmt"/>
        <line num="60" count="5" type="stmt"/>
        <line num="67" count="76" type="stmt"/>
        <line num="71" count="76" type="stmt"/>
        <line num="72" count="76" type="stmt"/>
        <line num="80" count="76" type="stmt"/>
      </file>
      <file name="ssr-switch.tsx" path="/Users/tobiaszimmermann/Documents/npm-packages/muxa/src/app/ssr-switch.tsx">
        <metrics statements="14" coveredstatements="14" conditionals="6" coveredconditionals="4" methods="3" coveredmethods="3"/>
        <line num="1" count="5" type="stmt"/>
        <line num="2" count="5" type="stmt"/>
        <line num="3" count="5" type="stmt"/>
        <line num="5" count="5" type="stmt"/>
        <line num="6" count="16" type="stmt"/>
        <line num="7" count="16" type="stmt"/>
        <line num="9" count="16" type="stmt"/>
        <line num="10" count="2" type="stmt"/>
        <line num="11" count="4" type="cond" truecount="1" falsecount="1"/>
        <line num="12" count="4" type="stmt"/>
        <line num="13" count="4" type="cond" truecount="1" falsecount="1"/>
        <line num="15" count="4" type="cond" truecount="2" falsecount="0"/>
        <line num="16" count="2" type="stmt"/>
        <line num="21" count="16" type="stmt"/>
      </file>
      <file name="use-route-data.tsx" path="/Users/tobiaszimmermann/Documents/npm-packages/muxa/src/app/use-route-data.tsx">
        <metrics statements="22" coveredstatements="22" conditionals="16" coveredconditionals="16" methods="6" coveredmethods="6"/>
        <line num="2" count="5" type="stmt"/>
        <line num="3" count="5" type="stmt"/>
        <line num="4" count="5" type="stmt"/>
        <line num="14" count="5" type="stmt"/>
        <line num="17" count="70" type="stmt"/>
        <line num="18" count="70" type="stmt"/>
        <line num="19" count="70" type="stmt"/>
        <line num="22" count="11" type="stmt"/>
        <line num="23" count="2" type="stmt"/>
        <line num="24" count="2" type="stmt"/>
        <line num="25" count="1" type="stmt"/>
        <line num="33" count="1" type="stmt"/>
        <line num="38" count="70" type="stmt"/>
        <line num="39" count="12" type="stmt"/>
        <line num="40" count="12" type="stmt"/>
        <line num="41" count="16" type="cond" truecount="2" falsecount="0"/>
        <line num="42" count="8" type="stmt"/>
        <line num="44" count="8" type="stmt"/>
        <line num="46" count="12" type="cond" truecount="2" falsecount="0"/>
        <line num="47" count="11" type="stmt"/>
        <line num="48" count="11" type="stmt"/>
        <line num="55" count="70" type="stmt"/>
      </file>
    </package>
  </project>
</coverage>
