{"/Users/tobiaszimmermann/Documents/npm-packages/muxa/src/app/ssr-route.tsx": {"path":"/Users/tobiaszimmermann/Documents/npm-packages/muxa/src/app/ssr-route.tsx","statementMap":{"0":{"start":{"line":1,"column":0},"end":{"line":1,"column":53}},"1":{"start":{"line":7,"column":2},"end":{"line":7,"column":30}},"2":{"start":{"line":6,"column":0},"end":{"line":6,"column":24}}},"fnMap":{"0":{"name":"SSRRoute","decl":{"start":{"line":6,"column":24},"end":{"line":6,"column":32}},"loc":{"start":{"line":6,"column":50},"end":{"line":8,"column":1}}}},"branchMap":{},"s":{"0":1,"1":1,"2":1},"f":{"0":1},"b":{}}
,"/Users/tobiaszimmermann/Documents/npm-packages/muxa/src/app/ssr-router.tsx": {"path":"/Users/tobiaszimmermann/Documents/npm-packages/muxa/src/app/ssr-router.tsx","statementMap":{"0":{"start":{"line":2,"column":0},"end":{"line":2,"column":null}},"1":{"start":{"line":9,"column":0},"end":{"line":9,"column":49}},"2":{"start":{"line":11,"column":21},"end":{"line":18,"column":2}},"3":{"start":{"line":15,"column":19},"end":{"line":17,"column":4}},"4":{"start":{"line":20,"column":20},"end":{"line":20,"column":69}},"5":{"start":{"line":23,"column":16},"end":{"line":23,"column":41}},"6":{"start":{"line":24,"column":2},"end":{"line":25,"column":70}},"7":{"start":{"line":25,"column":4},"end":{"line":25,"column":70}},"8":{"start":{"line":26,"column":2},"end":{"line":26,"column":17}},"9":{"start":{"line":22,"column":0},"end":{"line":22,"column":16}},"10":{"start":{"line":29,"column":42},"end":{"line":39,"column":1}},"11":{"start":{"line":30,"column":2},"end":{"line":38,"column":null}},"12":{"start":{"line":32,"column":6},"end":{"line":34,"column":8}},"13":{"start":{"line":37,"column":6},"end":{"line":37,"column":52}},"14":{"start":{"line":42,"column":27},"end":{"line":44,"column":4}},"15":{"start":{"line":46,"column":15},"end":{"line":51,"column":null}},"16":{"start":{"line":47,"column":11},"end":{"line":50,"column":6}},"17":{"start":{"line":54,"column":2},"end":{"line":58,"column":4}},"18":{"start":{"line":41,"column":0},"end":{"line":41,"column":16}}},"fnMap":{"0":{"name":"(anonymous_0)","decl":{"start":{"line":15,"column":12},"end":{"line":15,"column":15}},"loc":{"start":{"line":15,"column":19},"end":{"line":17,"column":4}}},"1":{"name":"useRouterContext","decl":{"start":{"line":22,"column":16},"end":{"line":22,"column":32}},"loc":{"start":{"line":22,"column":32},"end":{"line":27,"column":1}}},"2":{"name":"(anonymous_2)","decl":{"start":{"line":29,"column":42},"end":{"line":29,"column":43}},"loc":{"start":{"line":29,"column":60},"end":{"line":39,"column":1}}},"3":{"name":"SSRRouter","decl":{"start":{"line":41,"column":16},"end":{"line":41,"column":25}},"loc":{"start":{"line":41,"column":63},"end":{"line":59,"column":1}}},"4":{"name":"(anonymous_4)","decl":{"start":{"line":47,"column":4},"end":{"line":47,"column":7}},"loc":{"start":{"line":47,"column":11},"end":{"line":50,"column":6}}}},"branchMap":{"0":{"loc":{"start":{"line":24,"column":2},"end":{"line":25,"column":70}},"type":"if","locations":[{"start":{"line":24,"column":2},"end":{"line":25,"column":70}},{"start":{"line":24,"column":2},"end":{"line":25,"column":70}}]},"1":{"loc":{"start":{"line":31,"column":4},"end":{"line":35,"column":null}},"type":"switch","locations":[{"start":{"line":31,"column":4},"end":{"line":35,"column":null}},{"start":{"line":36,"column":4},"end":{"line":37,"column":52}}]}},"s":{"0":1,"1":1,"2":1,"3":0,"4":1,"5":0,"6":0,"7":0,"8":0,"9":1,"10":1,"11":0,"12":0,"13":0,"14":1,"15":1,"16":1,"17":1,"18":1},"f":{"0":0,"1":0,"2":0,"3":1,"4":1},"b":{"0":[0,0],"1":[0,0]}}
}
