{"/Users/tobiaszimmermann/Documents/npm-packages/muxa/src/app/ssr-route.tsx": {"path":"/Users/tobiaszimmermann/Documents/npm-packages/muxa/src/app/ssr-route.tsx","statementMap":{"0":{"start":{"line":1,"column":0},"end":{"line":1,"column":34}},"1":{"start":{"line":2,"column":0},"end":{"line":2,"column":68}},"2":{"start":{"line":3,"column":0},"end":{"line":3,"column":48}},"3":{"start":{"line":6,"column":17},"end":{"line":6,"column":22}},"4":{"start":{"line":7,"column":29},"end":{"line":7,"column":47}},"5":{"start":{"line":8,"column":29},"end":{"line":8,"column":44}},"6":{"start":{"line":10,"column":2},"end":{"line":16,"column":9}},"7":{"start":{"line":11,"column":27},"end":{"line":12,"column":null}},"8":{"start":{"line":12,"column":21},"end":{"line":12,"column":41}},"9":{"start":{"line":14,"column":4},"end":{"line":14,"column":33}},"10":{"start":{"line":14,"column":26},"end":{"line":14,"column":33}},"11":{"start":{"line":15,"column":4},"end":{"line":15,"column":42}},"12":{"start":{"line":18,"column":2},"end":{"line":22,"column":9}},"13":{"start":{"line":19,"column":4},"end":{"line":21,"column":null}},"14":{"start":{"line":20,"column":6},"end":{"line":20,"column":38}},"15":{"start":{"line":24,"column":2},"end":{"line":24,"column":30}},"16":{"start":{"line":5,"column":0},"end":{"line":5,"column":24}}},"fnMap":{"0":{"name":"SSRRoute","decl":{"start":{"line":5,"column":24},"end":{"line":5,"column":32}},"loc":{"start":{"line":5,"column":50},"end":{"line":25,"column":1}}},"1":{"name":"(anonymous_1)","decl":{"start":{"line":10,"column":12},"end":{"line":10,"column":15}},"loc":{"start":{"line":10,"column":17},"end":{"line":16,"column":3}}},"2":{"name":"(anonymous_2)","decl":{"start":{"line":12,"column":6},"end":{"line":12,"column":17}},"loc":{"start":{"line":12,"column":21},"end":{"line":12,"column":41}}},"3":{"name":"(anonymous_3)","decl":{"start":{"line":18,"column":12},"end":{"line":18,"column":15}},"loc":{"start":{"line":18,"column":17},"end":{"line":22,"column":3}}}},"branchMap":{"0":{"loc":{"start":{"line":14,"column":4},"end":{"line":14,"column":33}},"type":"if","locations":[{"start":{"line":14,"column":4},"end":{"line":14,"column":33}},{"start":{"line":14,"column":4},"end":{"line":14,"column":33}}]},"1":{"loc":{"start":{"line":19,"column":4},"end":{"line":21,"column":null}},"type":"if","locations":[{"start":{"line":19,"column":4},"end":{"line":21,"column":null}},{"start":{"line":19,"column":4},"end":{"line":21,"column":null}}]}},"s":{"0":1,"1":1,"2":1,"3":8,"4":8,"5":8,"6":8,"7":4,"8":0,"9":4,"10":0,"11":4,"12":8,"13":4,"14":3,"15":8,"16":1},"f":{"0":8,"1":4,"2":0,"3":4},"b":{"0":[0,4],"1":[3,1]}}
,"/Users/tobiaszimmermann/Documents/npm-packages/muxa/src/app/ssr-router.tsx": {"path":"/Users/tobiaszimmermann/Documents/npm-packages/muxa/src/app/ssr-router.tsx","statementMap":{"0":{"start":{"line":2,"column":0},"end":{"line":2,"column":null}},"1":{"start":{"line":9,"column":0},"end":{"line":9,"column":49}},"2":{"start":{"line":11,"column":21},"end":{"line":18,"column":2}},"3":{"start":{"line":15,"column":19},"end":{"line":17,"column":4}},"4":{"start":{"line":20,"column":20},"end":{"line":20,"column":69}},"5":{"start":{"line":23,"column":16},"end":{"line":23,"column":41}},"6":{"start":{"line":24,"column":2},"end":{"line":25,"column":70}},"7":{"start":{"line":25,"column":4},"end":{"line":25,"column":70}},"8":{"start":{"line":26,"column":2},"end":{"line":26,"column":17}},"9":{"start":{"line":22,"column":0},"end":{"line":22,"column":16}},"10":{"start":{"line":29,"column":42},"end":{"line":39,"column":1}},"11":{"start":{"line":30,"column":2},"end":{"line":38,"column":null}},"12":{"start":{"line":32,"column":6},"end":{"line":34,"column":8}},"13":{"start":{"line":37,"column":6},"end":{"line":37,"column":52}},"14":{"start":{"line":42,"column":27},"end":{"line":44,"column":4}},"15":{"start":{"line":46,"column":15},"end":{"line":51,"column":null}},"16":{"start":{"line":47,"column":11},"end":{"line":50,"column":6}},"17":{"start":{"line":54,"column":2},"end":{"line":58,"column":4}},"18":{"start":{"line":41,"column":0},"end":{"line":41,"column":16}}},"fnMap":{"0":{"name":"(anonymous_0)","decl":{"start":{"line":15,"column":12},"end":{"line":15,"column":15}},"loc":{"start":{"line":15,"column":19},"end":{"line":17,"column":4}}},"1":{"name":"useRouterContext","decl":{"start":{"line":22,"column":16},"end":{"line":22,"column":32}},"loc":{"start":{"line":22,"column":32},"end":{"line":27,"column":1}}},"2":{"name":"(anonymous_2)","decl":{"start":{"line":29,"column":42},"end":{"line":29,"column":43}},"loc":{"start":{"line":29,"column":60},"end":{"line":39,"column":1}}},"3":{"name":"SSRRouter","decl":{"start":{"line":41,"column":16},"end":{"line":41,"column":25}},"loc":{"start":{"line":41,"column":63},"end":{"line":59,"column":1}}},"4":{"name":"(anonymous_4)","decl":{"start":{"line":47,"column":4},"end":{"line":47,"column":7}},"loc":{"start":{"line":47,"column":11},"end":{"line":50,"column":6}}}},"branchMap":{"0":{"loc":{"start":{"line":24,"column":2},"end":{"line":25,"column":70}},"type":"if","locations":[{"start":{"line":24,"column":2},"end":{"line":25,"column":70}},{"start":{"line":24,"column":2},"end":{"line":25,"column":70}}]},"1":{"loc":{"start":{"line":31,"column":4},"end":{"line":35,"column":null}},"type":"switch","locations":[{"start":{"line":31,"column":4},"end":{"line":35,"column":null}},{"start":{"line":36,"column":4},"end":{"line":37,"column":52}}]}},"s":{"0":1,"1":1,"2":1,"3":0,"4":1,"5":15,"6":15,"7":0,"8":15,"9":1,"10":1,"11":4,"12":4,"13":0,"14":6,"15":6,"16":6,"17":6,"18":1},"f":{"0":0,"1":15,"2":4,"3":6,"4":6},"b":{"0":[0,15],"1":[4,0]}}
}
