TN:
SF:src/app/ssr-route.tsx
FN:5,SSRRoute
FN:10,(anonymous_1)
FN:12,(anonymous_2)
FN:18,(anonymous_3)
FNF:4
FNH:3
FNDA:8,SSRRoute
FNDA:4,(anonymous_1)
FNDA:0,(anonymous_2)
FNDA:4,(anonymous_3)
DA:1,1
DA:2,1
DA:3,1
DA:5,1
DA:6,8
DA:7,8
DA:8,8
DA:10,8
DA:11,4
DA:12,0
DA:14,4
DA:15,4
DA:18,8
DA:19,4
DA:20,3
DA:24,8
LF:16
LH:15
BRDA:14,0,0,0
BRDA:14,0,1,4
BRDA:19,1,0,3
BRDA:19,1,1,1
BRF:4
BRH:3
end_of_record
TN:
SF:src/app/ssr-router.tsx
FN:15,(anonymous_0)
FN:22,useRouterContext
FN:29,(anonymous_2)
FN:41,SSRRouter
FN:47,(anonymous_4)
FNF:5
FNH:4
FNDA:0,(anonymous_0)
FNDA:15,useRouterContext
FNDA:4,(anonymous_2)
FNDA:6,SSRRouter
FNDA:6,(anonymous_4)
DA:2,1
DA:9,1
DA:11,1
DA:15,0
DA:20,1
DA:22,1
DA:23,15
DA:24,15
DA:25,0
DA:26,15
DA:29,1
DA:30,4
DA:32,4
DA:37,0
DA:41,1
DA:42,6
DA:46,6
DA:47,6
DA:54,6
LF:19
LH:16
BRDA:24,0,0,0
BRDA:24,0,1,15
BRDA:31,1,0,4
BRDA:31,1,1,0
BRF:4
BRH:2
end_of_record
