TN:
SF:src/app/ssr-route.tsx
FN:6,SSRRoute
FNF:1
FNH:1
FNDA:1,SSRRoute
DA:1,1
DA:6,1
DA:7,1
LF:3
LH:3
BRF:0
BRH:0
end_of_record
TN:
SF:src/app/ssr-router.tsx
FN:15,(anonymous_0)
FN:22,useRouterContext
FN:29,(anonymous_2)
FN:41,SSRRouter
FN:47,(anonymous_4)
FNF:5
FNH:2
FNDA:0,(anonymous_0)
FNDA:0,useRouterContext
FNDA:0,(anonymous_2)
FNDA:1,SSRRouter
FNDA:1,(anonymous_4)
DA:2,1
DA:9,1
DA:11,1
DA:15,0
DA:20,1
DA:22,1
DA:23,0
DA:24,0
DA:25,0
DA:26,0
DA:29,1
DA:30,0
DA:32,0
DA:37,0
DA:41,1
DA:42,1
DA:46,1
DA:47,1
DA:54,1
LF:19
LH:11
BRDA:24,0,0,0
BRDA:24,0,1,0
BRDA:31,1,0,0
BRDA:31,1,1,0
BRF:4
BRH:0
end_of_record
